2021-03-10 19:05:05 INFO  EncodingDetector:21 - start program
2021-03-10 19:05:05 INFO  PropertiesUtils:14 - start read config
2021-03-10 19:05:05 INFO  PropertiesUtils:22 - inputDirectory ->D://logs//
2021-03-10 19:05:05 INFO  PropertiesUtils:24 - finish read config
2021-03-10 19:05:05 INFO  EncodingDetector:29 - start handle files
2021-03-10 19:05:08 INFO  EncodingDetector:63 - encoding-> WINDOWS-1251, file-> D:\logs\server — копия.log
2021-03-10 19:05:09 INFO  EncodingDetector:63 - encoding-> WINDOWS-1251, file-> D:\logs\server.log.2020-03-21
2021-03-10 19:05:09 INFO  EncodingDetector:63 - encoding-> WINDOWS-1251, file-> D:\logs\server.log.2020-03-22
2021-03-10 19:05:10 INFO  EncodingDetector:63 - encoding-> WINDOWS-1251, file-> D:\logs\server.log.2020-03-23
2021-03-10 19:05:11 INFO  EncodingDetector:63 - encoding-> WINDOWS-1251, file-> D:\logs\server.log.2020-03-24
2021-03-10 19:05:12 INFO  EncodingDetector:63 - encoding-> WINDOWS-1251, file-> D:\logs\server.log.2020-03-25
2021-03-10 19:05:12 INFO  EncodingDetector:63 - encoding-> WINDOWS-1251, file-> D:\logs\server.log.2020-03-26
2021-03-10 19:05:13 INFO  EncodingDetector:63 - encoding-> WINDOWS-1251, file-> D:\logs\server.log.2020-03-27
2021-03-10 19:05:14 INFO  EncodingDetector:63 - encoding-> WINDOWS-1251, file-> D:\logs\server.log.2020-03-28
2021-03-10 19:05:15 INFO  EncodingDetector:63 - encoding-> WINDOWS-1251, file-> D:\logs\server.log.2020-03-29
2021-03-10 19:05:16 INFO  EncodingDetector:63 - encoding-> WINDOWS-1251, file-> D:\logs\server.log.2020-03-30
2021-03-10 19:05:16 INFO  EncodingDetector:63 - encoding-> WINDOWS-1251, file-> D:\logs\server.log.2020-03-31
2021-03-10 19:05:17 INFO  EncodingDetector:63 - encoding-> WINDOWS-1251, file-> D:\logs\server.log.2020-04-01
2021-03-10 19:05:18 INFO  EncodingDetector:63 - encoding-> WINDOWS-1251, file-> D:\logs\server.log.2020-04-02
2021-03-10 19:05:19 INFO  EncodingDetector:63 - encoding-> WINDOWS-1251, file-> D:\logs\server.log.2020-04-03
2021-03-10 19:05:19 INFO  EncodingDetector:63 - encoding-> WINDOWS-1251, file-> D:\logs\server.log.2020-04-03_bef_case_ev0.log
2021-03-10 19:05:20 INFO  EncodingDetector:63 - encoding-> WINDOWS-1251, file-> D:\logs\server.log.2020-04-04
2021-03-10 19:05:22 INFO  EncodingDetector:63 - encoding-> WINDOWS-1251, file-> D:\logs\server.log.2020-04-05
2021-03-10 19:05:23 INFO  EncodingDetector:63 - encoding-> WINDOWS-1251, file-> D:\logs\server.log.2020-04-06
2021-03-10 19:05:24 INFO  EncodingDetector:63 - encoding-> WINDOWS-1251, file-> D:\logs\server.log.2020-04-07
2021-03-10 19:05:25 INFO  EncodingDetector:63 - encoding-> WINDOWS-1251, file-> D:\logs\server.log.2020-04-08
2021-03-10 19:05:26 INFO  EncodingDetector:63 - encoding-> WINDOWS-1251, file-> D:\logs\server.log.2020-04-09
2021-03-10 19:05:27 INFO  EncodingDetector:63 - encoding-> WINDOWS-1251, file-> D:\logs\server.log.2020-04-10
2021-03-10 19:05:28 INFO  EncodingDetector:63 - encoding-> WINDOWS-1251, file-> D:\logs\server.log.2020-04-11
2021-03-10 19:05:30 INFO  EncodingDetector:63 - encoding-> WINDOWS-1251, file-> D:\logs\server.log.2020-04-13
2021-03-10 19:05:30 INFO  EncodingDetector:63 - encoding-> WINDOWS-1251, file-> D:\logs\server.log.2020-04-14
2021-03-10 19:05:31 INFO  EncodingDetector:63 - encoding-> WINDOWS-1251, file-> D:\logs\server.log.2020-04-15
2021-03-10 19:05:32 INFO  EncodingDetector:63 - encoding-> WINDOWS-1251, file-> D:\logs\server.log.2020-04-16
2021-03-10 19:05:33 INFO  EncodingDetector:63 - encoding-> WINDOWS-1251, file-> D:\logs\server.log.2020-04-17
2021-03-10 19:05:34 INFO  EncodingDetector:63 - encoding-> WINDOWS-1251, file-> D:\logs\server.log.2020-04-18
2021-03-10 19:05:36 INFO  EncodingDetector:63 - encoding-> WINDOWS-1251, file-> D:\logs\server.log.2020-04-19
2021-03-10 19:05:37 INFO  EncodingDetector:63 - encoding-> WINDOWS-1251, file-> D:\logs\server.log.2020-04-20
2021-03-10 19:05:42 INFO  EncodingDetector:63 - encoding-> WINDOWS-1251, file-> D:\logs\server.log.2020-04-21
2021-03-10 19:05:43 INFO  EncodingDetector:63 - encoding-> WINDOWS-1251, file-> D:\logs\server.log.2020-04-22
2021-03-10 19:05:44 INFO  EncodingDetector:63 - encoding-> WINDOWS-1251, file-> D:\logs\server.log.2020-04-23
2021-03-10 19:05:47 INFO  EncodingDetector:63 - encoding-> WINDOWS-1251, file-> D:\logs\server.log.2020-04-24
2021-03-10 19:05:53 INFO  EncodingDetector:63 - encoding-> WINDOWS-1251, file-> D:\logs\server.log.2020-04-25
2021-03-10 19:05:55 INFO  EncodingDetector:63 - encoding-> WINDOWS-1251, file-> D:\logs\server.log.2020-04-26
2021-03-10 19:05:59 INFO  EncodingDetector:63 - encoding-> WINDOWS-1251, file-> D:\logs\server.log.2020-04-27
2021-03-10 19:06:00 INFO  EncodingDetector:63 - encoding-> WINDOWS-1251, file-> D:\logs\server.log.2020-04-28
2021-03-10 19:06:01 INFO  EncodingDetector:63 - encoding-> WINDOWS-1251, file-> D:\logs\server.log.2020-04-29
2021-03-10 19:06:02 INFO  EncodingDetector:63 - encoding-> WINDOWS-1251, file-> D:\logs\server.log.2020-04-30
2021-03-10 19:06:03 INFO  EncodingDetector:63 - encoding-> WINDOWS-1251, file-> D:\logs\server.log.2020-04-30_before_FSSP
2021-03-10 19:06:04 INFO  EncodingDetector:63 - encoding-> WINDOWS-1251, file-> D:\logs\server.log.2020-05-01
2021-03-10 19:06:05 INFO  EncodingDetector:63 - encoding-> WINDOWS-1251, file-> D:\logs\server.log.2020-05-02
2021-03-10 19:06:06 INFO  EncodingDetector:63 - encoding-> WINDOWS-1251, file-> D:\logs\server.log.2020-05-03
2021-03-10 19:06:07 INFO  EncodingDetector:63 - encoding-> WINDOWS-1251, file-> D:\logs\server.log.2020-05-04
2021-03-10 19:06:08 INFO  EncodingDetector:63 - encoding-> WINDOWS-1251, file-> D:\logs\server.log.2020-05-05
2021-03-10 19:06:08 INFO  EncodingDetector:63 - encoding-> WINDOWS-1251, file-> D:\logs\server.log.2020-05-06
2021-03-10 19:06:09 INFO  EncodingDetector:63 - encoding-> WINDOWS-1251, file-> D:\logs\server.log.2020-05-07
2021-03-10 19:06:10 INFO  EncodingDetector:63 - encoding-> WINDOWS-1251, file-> D:\logs\server.log.2020-05-08
2021-03-10 19:06:11 INFO  EncodingDetector:63 - encoding-> WINDOWS-1251, file-> D:\logs\server.log.2020-05-09
2021-03-10 19:06:12 INFO  EncodingDetector:63 - encoding-> WINDOWS-1251, file-> D:\logs\server.log.2020-05-10
2021-03-10 19:06:13 INFO  EncodingDetector:63 - encoding-> WINDOWS-1251, file-> D:\logs\server.log.2020-05-11
2021-03-10 19:06:14 INFO  EncodingDetector:63 - encoding-> WINDOWS-1251, file-> D:\logs\server.log.2020-05-12
2021-03-10 19:06:14 INFO  EncodingDetector:63 - encoding-> WINDOWS-1251, file-> D:\logs\server.log.2020-05-13_1_pfr_troubles.log
2021-03-10 19:06:14 INFO  EncodingDetector:63 - encoding-> WINDOWS-1251, file-> D:\logs\server.log.2020-05-13_2_rcfix_pfr_but_bad.log
2021-03-10 19:06:14 INFO  EncodingDetector:63 - encoding-> WINDOWS-1251, file-> D:\logs\server.log.2020-05-13_3_bad.log
2021-03-10 19:06:14 INFO  EncodingDetector:63 - encoding-> WINDOWS-1251, file-> D:\logs\server.log.2020-05-13_4.log
2021-03-10 19:06:15 INFO  EncodingDetector:63 - encoding-> WINDOWS-1251, file-> D:\logs\server.log.2020-05-13_5.log
2021-03-10 19:06:16 INFO  EncodingDetector:63 - encoding-> WINDOWS-1251, file-> D:\logs\server.log.2020-05-14
2021-03-10 19:06:17 INFO  EncodingDetector:63 - encoding-> WINDOWS-1251, file-> D:\logs\server.log.2020-05-15
2021-03-10 19:06:19 INFO  EncodingDetector:63 - encoding-> WINDOWS-1251, file-> D:\logs\server.log.2020-05-16
2021-03-10 19:06:20 INFO  EncodingDetector:63 - encoding-> WINDOWS-1251, file-> D:\logs\server.log.2020-05-17
2021-03-10 19:06:22 INFO  EncodingDetector:63 - encoding-> WINDOWS-1251, file-> D:\logs\server.log.2020-05-18
2021-03-10 19:06:23 INFO  EncodingDetector:63 - encoding-> WINDOWS-1251, file-> D:\logs\server.log.2020-05-19
2021-03-10 19:06:23 INFO  EncodingDetector:63 - encoding-> WINDOWS-1251, file-> D:\logs\server.log.2020-05-20
2021-03-10 19:06:23 INFO  EncodingDetector:63 - encoding-> WINDOWS-1251, file-> D:\logs\server.log.2020-05-20_old_cert
2021-03-10 19:06:24 INFO  EncodingDetector:63 - encoding-> WINDOWS-1251, file-> D:\logs\server.log.2020-05-20_old_cert2
2021-03-10 19:06:24 INFO  EncodingDetector:63 - encoding-> WINDOWS-1251, file-> D:\logs\server.log.2020-05-20_old_cert3
2021-03-10 19:06:24 INFO  EncodingDetector:63 - encoding-> WINDOWS-1251, file-> D:\logs\server.log.2020-05-20_old_cert4
2021-03-10 19:06:25 INFO  EncodingDetector:63 - encoding-> WINDOWS-1251, file-> D:\logs\server.log.2020-05-20_old_cert5
2021-03-10 19:06:25 INFO  EncodingDetector:63 - encoding-> WINDOWS-1251, file-> D:\logs\server.log.2020-05-20_old_cert6
2021-03-10 19:06:25 INFO  EncodingDetector:63 - encoding-> WINDOWS-1251, file-> D:\logs\server.log.2020-05-20_old_cert7
2021-03-10 19:06:25 INFO  EncodingDetector:63 - encoding-> WINDOWS-1251, file-> D:\logs\server.log.2020-05-21
2021-03-10 19:06:25 INFO  EncodingDetector:63 - encoding-> WINDOWS-1251, file-> D:\logs\server.log.2020-05-21_2
2021-03-10 19:06:26 INFO  EncodingDetector:63 - encoding-> WINDOWS-1251, file-> D:\logs\server.log.2020-05-21_bef_copy_old_cpi
2021-03-10 19:06:27 INFO  EncodingDetector:63 - encoding-> WINDOWS-1251, file-> D:\logs\server.log.2020-05-22
2021-03-10 19:06:27 INFO  EncodingDetector:63 - encoding-> WINDOWS-1251, file-> D:\logs\server.log.2020-05-23
2021-03-10 19:06:28 INFO  EncodingDetector:63 - encoding-> WINDOWS-1251, file-> D:\logs\server.log.2020-05-24
2021-03-10 19:06:30 INFO  EncodingDetector:63 - encoding-> WINDOWS-1251, file-> D:\logs\server.log.2020-05-25
2021-03-10 19:06:32 INFO  EncodingDetector:63 - encoding-> WINDOWS-1251, file-> D:\logs\server.log.2020-05-26
2021-03-10 19:06:35 INFO  EncodingDetector:63 - encoding-> WINDOWS-1251, file-> D:\logs\server.log.2020-05-27
2021-03-10 19:06:37 INFO  EncodingDetector:63 - encoding-> WINDOWS-1251, file-> D:\logs\server.log.2020-05-28
2021-03-10 19:06:38 INFO  EncodingDetector:63 - encoding-> WINDOWS-1251, file-> D:\logs\server.log.2020-05-29
2021-03-10 19:06:39 INFO  EncodingDetector:63 - encoding-> WINDOWS-1251, file-> D:\logs\server.log.2020-05-30
2021-03-10 19:06:41 INFO  EncodingDetector:63 - encoding-> WINDOWS-1251, file-> D:\logs\server.log.2020-05-31
2021-03-10 19:06:42 INFO  EncodingDetector:63 - encoding-> WINDOWS-1251, file-> D:\logs\server.log.2020-06-01
2021-03-10 19:06:43 INFO  EncodingDetector:63 - encoding-> WINDOWS-1251, file-> D:\logs\server.log.2020-06-01_do_fix_PFR
2021-03-10 19:06:43 INFO  EncodingDetector:63 - encoding-> WINDOWS-1251, file-> D:\logs\server.log.2020-06-01_do_fix_PFR2
2021-03-10 19:06:43 INFO  EncodingDetector:63 - encoding-> WINDOWS-1251, file-> D:\logs\server.log.2020-06-01_do_fix_PFR3
2021-03-10 19:06:45 INFO  EncodingDetector:63 - encoding-> WINDOWS-1251, file-> D:\logs\server.log.2020-06-02
2021-03-10 19:06:47 INFO  EncodingDetector:63 - encoding-> WINDOWS-1251, file-> D:\logs\server.log.2020-06-03
2021-03-10 19:06:48 INFO  EncodingDetector:63 - encoding-> WINDOWS-1251, file-> D:\logs\server.log.2020-06-04
2021-03-10 19:06:49 INFO  EncodingDetector:63 - encoding-> WINDOWS-1251, file-> D:\logs\server.log.2020-06-05
2021-03-10 19:06:51 INFO  EncodingDetector:63 - encoding-> WINDOWS-1251, file-> D:\logs\server.log.2020-06-06
2021-03-10 19:06:51 INFO  EncodingDetector:63 - encoding-> WINDOWS-1251, file-> D:\logs\server.log.2020-06-07
2021-03-10 19:06:52 INFO  EncodingDetector:63 - encoding-> WINDOWS-1251, file-> D:\logs\server.log.2020-06-08
2021-03-10 19:06:53 INFO  EncodingDetector:63 - encoding-> WINDOWS-1251, file-> D:\logs\server.log.2020-06-09
2021-03-10 19:06:54 INFO  EncodingDetector:63 - encoding-> WINDOWS-1251, file-> D:\logs\server.log.2020-06-10
2021-03-10 19:06:55 INFO  EncodingDetector:63 - encoding-> WINDOWS-1251, file-> D:\logs\server.log.2020-06-11
2021-03-10 19:06:55 INFO  EncodingDetector:63 - encoding-> WINDOWS-1251, file-> D:\logs\server.log.2020-06-11_2cert_bef_PFRtst
2021-03-10 19:06:55 INFO  EncodingDetector:63 - encoding-> WINDOWS-1251, file-> D:\logs\server.log.2020-06-11_cert
2021-03-10 19:06:56 INFO  EncodingDetector:63 - encoding-> WINDOWS-1251, file-> D:\logs\server.log.2020-06-12
2021-03-10 19:06:56 INFO  EncodingDetector:63 - encoding-> WINDOWS-1251, file-> D:\logs\server.log.2020-06-13
2021-03-10 19:06:56 INFO  EncodingDetector:63 - encoding-> WINDOWS-1251, file-> D:\logs\server.log.2020-06-14
2021-03-10 19:06:57 INFO  EncodingDetector:63 - encoding-> WINDOWS-1251, file-> D:\logs\server.log.2020-06-15
2021-03-10 19:06:58 INFO  EncodingDetector:63 - encoding-> WINDOWS-1251, file-> D:\logs\server.log.2020-06-16
2021-03-10 19:06:58 INFO  EncodingDetector:63 - encoding-> WINDOWS-1251, file-> D:\logs\server.log.2020-06-17
2021-03-10 19:06:59 INFO  EncodingDetector:63 - encoding-> WINDOWS-1251, file-> D:\logs\server.log.2020-06-18
2021-03-10 19:06:59 INFO  EncodingDetector:63 - encoding-> WINDOWS-1251, file-> D:\logs\server.log.2020-06-19
2021-03-10 19:07:00 INFO  EncodingDetector:63 - encoding-> WINDOWS-1251, file-> D:\logs\server.log.2020-06-20
2021-03-10 19:07:00 INFO  EncodingDetector:63 - encoding-> WINDOWS-1251, file-> D:\logs\server.log.2020-06-21
2021-03-10 19:07:01 INFO  EncodingDetector:63 - encoding-> WINDOWS-1251, file-> D:\logs\server.log.2020-06-22
2021-03-10 19:07:01 INFO  EncodingDetector:63 - encoding-> WINDOWS-1251, file-> D:\logs\server.log.2020-06-23
2021-03-10 19:07:02 INFO  EncodingDetector:63 - encoding-> WINDOWS-1251, file-> D:\logs\server.log.2020-06-23_0_212213!
2021-03-10 19:07:02 INFO  EncodingDetector:63 - encoding-> WINDOWS-1252, file-> D:\logs\server.log.2020-06-24
2021-03-10 19:07:02 INFO  EncodingDetector:63 - encoding-> WINDOWS-1251, file-> D:\logs\server.log.2020-06-24_NO_212_213
2021-03-10 19:07:03 INFO  EncodingDetector:63 - encoding-> WINDOWS-1251, file-> D:\logs\server.log.2020-06-25
2021-03-10 19:07:03 INFO  EncodingDetector:63 - encoding-> WINDOWS-1251, file-> D:\logs\server.log.2020-06-26
2021-03-10 19:07:04 INFO  EncodingDetector:63 - encoding-> WINDOWS-1251, file-> D:\logs\server.log.2020-06-27
2021-03-10 19:07:05 INFO  EncodingDetector:63 - encoding-> WINDOWS-1251, file-> D:\logs\server.log.2020-06-28
2021-03-10 19:07:06 INFO  EncodingDetector:63 - encoding-> WINDOWS-1251, file-> D:\logs\server.log.2020-06-29
2021-03-10 19:07:07 INFO  EncodingDetector:63 - encoding-> WINDOWS-1251, file-> D:\logs\server.log.2020-06-30
2021-03-10 19:07:08 INFO  EncodingDetector:63 - encoding-> WINDOWS-1251, file-> D:\logs\server.log.2020-07-01
2021-03-10 19:07:09 INFO  EncodingDetector:63 - encoding-> WINDOWS-1251, file-> D:\logs\server.log.2020-07-02
2021-03-10 19:07:10 INFO  EncodingDetector:63 - encoding-> WINDOWS-1251, file-> D:\logs\server.log.2020-07-03
2021-03-10 19:07:11 INFO  EncodingDetector:63 - encoding-> WINDOWS-1251, file-> D:\logs\server.log.2020-07-03_bef_pfr_tst
2021-03-10 19:07:12 INFO  EncodingDetector:63 - encoding-> WINDOWS-1251, file-> D:\logs\server.log.2020-07-04
2021-03-10 19:07:13 INFO  EncodingDetector:63 - encoding-> WINDOWS-1251, file-> D:\logs\server.log.2020-07-05
2021-03-10 19:07:13 INFO  EncodingDetector:63 - encoding-> WINDOWS-1251, file-> D:\logs\server.log.2020-07-06
2021-03-10 19:07:14 INFO  EncodingDetector:63 - encoding-> WINDOWS-1251, file-> D:\logs\server.log.2020-07-06_pfr_puch_off.log
2021-03-10 19:07:16 INFO  EncodingDetector:63 - encoding-> WINDOWS-1251, file-> D:\logs\server.log.2020-07-07
2021-03-10 19:07:18 INFO  EncodingDetector:63 - encoding-> WINDOWS-1251, file-> D:\logs\server.log.2020-07-08
2021-03-10 19:07:20 INFO  EncodingDetector:63 - encoding-> WINDOWS-1251, file-> D:\logs\server.log.2020-07-09
2021-03-10 19:07:20 INFO  EncodingDetector:63 - encoding-> WINDOWS-1251, file-> D:\logs\server.log.2020-07-10
2021-03-10 19:07:20 INFO  EncodingDetector:63 - encoding-> WINDOWS-1251, file-> D:\logs\server.log.2020-07-10_.log
2021-03-10 19:07:24 INFO  EncodingDetector:63 - encoding-> WINDOWS-1251, file-> D:\logs\server.log.2020-07-11
2021-03-10 19:07:25 INFO  EncodingDetector:63 - encoding-> WINDOWS-1251, file-> D:\logs\server.log.2020-07-12
2021-03-10 19:07:27 INFO  EncodingDetector:63 - encoding-> WINDOWS-1251, file-> D:\logs\server.log.2020-07-13
2021-03-10 19:07:30 INFO  EncodingDetector:63 - encoding-> WINDOWS-1251, file-> D:\logs\server.log.2020-07-14
2021-03-10 19:07:32 INFO  EncodingDetector:63 - encoding-> WINDOWS-1251, file-> D:\logs\server.log.2020-07-15
